<?xml version="1.0" encoding="UTF-8"?>
<!-- Generated by org.testng.reporters.JUnitXMLReporter -->
<testsuite ignored="0" hostname="DESKTOP-LP9MF0U" failures="0" tests="5" name="Sample Operations Test" time="61.949" errors="0" timestamp="2022-09-17T18:27:36 IST">
  <testcase classname="com.crm.qa.testcases.HomePageTest" name="HomePageTitleTest" time="0.018"/>
  <testcase classname="com.crm.qa.testcases.HomePageTest" name="HomePageLogoTest" time="0.055"/>
  <testcase classname="com.crm.qa.testcases.LoginPageTest" name="loginTest" time="3.762"/>
  <testcase classname="com.crm.qa.testcases.MyCoursesPageTest" name="MycoursePageValidate" time="0.001"/>
  <testcase classname="com.crm.qa.testcases.AllCoursesPageTest" name="searchOperation" time="0.211"/>
</testsuite> <!-- Sample Operations Test -->
